# JRE version: OpenJDK Runtime Environment (8.0_302-b08) (build 1.8.0_302-b08)
# Java VM: OpenJDK 64-Bit Server VM (25.302-b08 mixed mode bsd-amd64 compressed oops)
Heap:
 PSYoungGen      total 218112K, used 26167K [0x0000000795580000, 0x00000007a7080000, 0x00000007c0000000)
  eden space 191488K, 0% used [0x0000000795580000,0x0000000795580000,0x00000007a1080000)
  from space 26624K, 98% used [0x00000007a1680000,0x00000007a300dc30,0x00000007a3080000)
  to   space 49152K, 0% used [0x00000007a4080000,0x00000007a4080000,0x00000007a7080000)
 ParOldGen       total 143872K, used 47005K [0x0000000740000000, 0x0000000748c80000, 0x0000000795580000)
  object space 143872K, 32% used [0x0000000740000000,0x0000000742de74e8,0x0000000748c80000)
 Metaspace       used 92430K, capacity 98529K, committed 98560K, reserved 1134592K
  class space    used 12529K, capacity 13568K, committed 13568K, reserved 1048576K
GC Heap History (10 events):
Event: 959.282 GC heap after
Heap after GC invocations=20 (full 3):
 PSYoungGen      total 243200K, used 24605K [0x0000000795580000, 0x00000007a7880000, 0x00000007c0000000)
  eden space 218112K, 0% used [0x0000000795580000,0x0000000795580000,0x00000007a2a80000)
  from space 25088K, 98% used [0x00000007a4c80000,0x00000007a6487510,0x00000007a6500000)
  to   space 19968K, 0% used [0x00000007a6500000,0x00000007a6500000,0x00000007a7880000)
 ParOldGen       total 143872K, used 30686K [0x0000000740000000, 0x0000000748c80000, 0x0000000795580000)
  object space 143872K, 21% used [0x0000000740000000,0x0000000741df7a98,0x0000000748c80000)
 Metaspace       used 79710K, capacity 84522K, committed 84736K, reserved 1122304K
  class space    used 10661K, capacity 11479K, committed 11520K, reserved 1048576K
}
Event: 1140.484 GC heap before
{Heap before GC invocations=21 (full 3):
 PSYoungGen      total 243200K, used 242717K [0x0000000795580000, 0x00000007a7880000, 0x00000007c0000000)
  eden space 218112K, 100% used [0x0000000795580000,0x00000007a2a80000,0x00000007a2a80000)
  from space 25088K, 98% used [0x00000007a4c80000,0x00000007a6487510,0x00000007a6500000)
  to   space 19968K, 0% used [0x00000007a6500000,0x00000007a6500000,0x00000007a7880000)
 ParOldGen       total 143872K, used 30686K [0x0000000740000000, 0x0000000748c80000, 0x0000000795580000)
  object space 143872K, 21% used [0x0000000740000000,0x0000000741df7a98,0x0000000748c80000)
 Metaspace       used 80138K, capacity 84910K, committed 84992K, reserved 1122304K
  class space    used 10682K, capacity 11479K, committed 11520K, reserved 1048576K
Event: 1140.612 GC heap after
Heap after GC invocations=21 (full 3):
 PSYoungGen      total 230912K, used 19967K [0x0000000795580000, 0x00000007a7880000, 0x00000007c0000000)
  eden space 210944K, 0% used [0x0000000795580000,0x0000000795580000,0x00000007a2380000)
  from space 19968K, 99% used [0x00000007a6500000,0x00000007a787fc40,0x00000007a7880000)
  to   space 38912K, 0% used [0x00000007a2c80000,0x00000007a2c80000,0x00000007a5280000)
 ParOldGen       total 143872K, used 40577K [0x0000000740000000, 0x0000000748c80000, 0x0000000795580000)
  object space 143872K, 28% used [0x0000000740000000,0x00000007427a06d8,0x0000000748c80000)
 Metaspace       used 80138K, capacity 84910K, committed 84992K, reserved 1122304K
  class space    used 10682K, capacity 11479K, committed 11520K, reserved 1048576K
}
Event: 1222.707 GC heap before
{Heap before GC invocations=22 (full 3):
 PSYoungGen      total 230912K, used 230911K [0x0000000795580000, 0x00000007a7880000, 0x00000007c0000000)
  eden space 210944K, 100% used [0x0000000795580000,0x00000007a2380000,0x00000007a2380000)
  from space 19968K, 99% used [0x00000007a6500000,0x00000007a787fc40,0x00000007a7880000)
  to   space 38912K, 0% used [0x00000007a2c80000,0x00000007a2c80000,0x00000007a5280000)
 ParOldGen       total 143872K, used 40577K [0x0000000740000000, 0x0000000748c80000, 0x0000000795580000)
  object space 143872K, 28% used [0x0000000740000000,0x00000007427a06d8,0x0000000748c80000)
 Metaspace       used 90871K, capacity 96648K, committed 96896K, reserved 1132544K
  class space    used 12347K, capacity 13348K, committed 13440K, reserved 1048576K
Event: 1224.099 GC heap after
Heap after GC invocations=22 (full 3):
 PSYoungGen      total 243200K, used 38906K [0x0000000795580000, 0x00000007a7700000, 0x00000007c0000000)
  eden space 204288K, 0% used [0x0000000795580000,0x0000000795580000,0x00000007a1d00000)
  from space 38912K, 99% used [0x00000007a2c80000,0x00000007a527e920,0x00000007a5280000)
  to   space 37376K, 0% used [0x00000007a5280000,0x00000007a5280000,0x00000007a7700000)
 ParOldGen       total 143872K, used 44347K [0x0000000740000000, 0x0000000748c80000, 0x0000000795580000)
  object space 143872K, 30% used [0x0000000740000000,0x0000000742b4eed8,0x0000000748c80000)
 Metaspace       used 90871K, capacity 96648K, committed 96896K, reserved 1132544K
  class space    used 12347K, capacity 13348K, committed 13440K, reserved 1048576K
}
Event: 1313.174 GC heap before
{Heap before GC invocations=23 (full 3):
 PSYoungGen      total 243200K, used 243193K [0x0000000795580000, 0x00000007a7700000, 0x00000007c0000000)
  eden space 204288K, 99% used [0x0000000795580000,0x00000007a1cffd98,0x00000007a1d00000)
  from space 38912K, 99% used [0x00000007a2c80000,0x00000007a527e920,0x00000007a5280000)
  to   space 37376K, 0% used [0x00000007a5280000,0x00000007a5280000,0x00000007a7700000)
 ParOldGen       total 143872K, used 44347K [0x0000000740000000, 0x0000000748c80000, 0x0000000795580000)
  object space 143872K, 30% used [0x0000000740000000,0x0000000742b4eed8,0x0000000748c80000)
 Metaspace       used 92174K, capacity 98252K, committed 98304K, reserved 1134592K
  class space    used 12503K, capacity 13544K, committed 13568K, reserved 1048576K
Event: 1313.519 GC heap after
Heap after GC invocations=23 (full 3):
 PSYoungGen      total 235008K, used 37362K [0x0000000795580000, 0x00000007a7980000, 0x00000007c0000000)
  eden space 197632K, 0% used [0x0000000795580000,0x0000000795580000,0x00000007a1680000)
  from space 37376K, 99% used [0x00000007a5280000,0x00000007a76fcac8,0x00000007a7700000)
  to   space 50688K, 0% used [0x00000007a1680000,0x00000007a1680000,0x00000007a4800000)
 ParOldGen       total 143872K, used 46997K [0x0000000740000000, 0x0000000748c80000, 0x0000000795580000)
  object space 143872K, 32% used [0x0000000740000000,0x0000000742de54e8,0x0000000748c80000)
 Metaspace       used 92174K, capacity 98252K, committed 98304K, reserved 1134592K
  class space    used 12503K, capacity 13544K, committed 13568K, reserved 1048576K
}
Event: 1416.992 GC heap before
{Heap before GC invocations=24 (full 3):
 PSYoungGen      total 235008K, used 174602K [0x0000000795580000, 0x00000007a7980000, 0x00000007c0000000)
  eden space 197632K, 69% used [0x0000000795580000,0x000000079db85e08,0x00000007a1680000)
  from space 37376K, 99% used [0x00000007a5280000,0x00000007a76fcac8,0x00000007a7700000)
  to   space 50688K, 0% used [0x00000007a1680000,0x00000007a1680000,0x00000007a4800000)
 ParOldGen       total 143872K, used 46997K [0x0000000740000000, 0x0000000748c80000, 0x0000000795580000)
  object space 143872K, 32% used [0x0000000740000000,0x0000000742de54e8,0x0000000748c80000)
 Metaspace       used 92430K, capacity 98529K, committed 98560K, reserved 1134592K
  class space    used 12529K, capacity 13568K, committed 13568K, reserved 1048576K
Event: 1417.314 GC heap after
Heap after GC invocations=24 (full 3):
 PSYoungGen      total 218112K, used 26167K [0x0000000795580000, 0x00000007a7080000, 0x00000007c0000000)
  eden space 191488K, 0% used [0x0000000795580000,0x0000000795580000,0x00000007a1080000)
  from space 26624K, 98% used [0x00000007a1680000,0x00000007a300dc30,0x00000007a3080000)
  to   space 49152K, 0% used [0x00000007a4080000,0x00000007a4080000,0x00000007a7080000)
 ParOldGen       total 143872K, used 47005K [0x0000000740000000, 0x0000000748c80000, 0x0000000795580000)
  object space 143872K, 32% used [0x0000000740000000,0x0000000742de74e8,0x0000000748c80000)
 Metaspace       used 92430K, capacity 98529K, committed 98560K, reserved 1134592K
  class space    used 12529K, capacity 13568K, committed 13568K, reserved 1048576K
}
Event: 1417.315 GC heap before
{Heap before GC invocations=25 (full 4):
 PSYoungGen      total 218112K, used 26167K [0x0000000795580000, 0x00000007a7080000, 0x00000007c0000000)
  eden space 191488K, 0% used [0x0000000795580000,0x0000000795580000,0x00000007a1080000)
  from space 26624K, 98% used [0x00000007a1680000,0x00000007a300dc30,0x00000007a3080000)
  to   space 49152K, 0% used [0x00000007a4080000,0x00000007a4080000,0x00000007a7080000)
 ParOldGen       total 143872K, used 47005K [0x0000000740000000, 0x0000000748c80000, 0x0000000795580000)
  object space 143872K, 32% used [0x0000000740000000,0x0000000742de74e8,0x0000000748c80000)
 Metaspace       used 92430K, capacity 98529K, committed 98560K, reserved 1134592K
  class space    used 12529K, capacity 13568K, committed 13568K, reserved 1048576K

